<?xml version='1.0' encoding='UTF-8'?>
<!DOCTYPE coverage SYSTEM 'http://cobertura.sourceforge.net/xml/coverage-04.dtd'>
<coverage req-rate="0.6666667" line-rate="0.9425287356321839" function-rate="0.8947368421052632" branch-rate="0.9722222222222222" lines-covered="164" lines-valid="174" functions-covered="34" functions-valid="38" branches-covered="35" branches-valid="36" complexity="0.0" timestamp="1655727843" version="gcovr 5.1"><sources><source>.</source></sources><packages><package name="src" line-rate="0.9425287356321839" function-rate="1.0" branch-rate="0.9722222222222222" complexity="0.0"><classes><class name="AdcConductor_c" filename="src/AdcConductor.c" line-rate="1.0" branch-rate="0.875" complexity="0.0"><methods/><lines><line number="6" hits="26" branch="false"/><line number="8" hits="26" branch="false"/><line number="9" hits="26" branch="false"/><line number="11" hits="78" branch="false"/><line number="13" hits="78" branch="true" condition-coverage="100% (4/4)"><conditions><condition number="0" type="jump" coverage="100%"/></conditions></line><line number="15" hits="26" branch="false"/><line number="16" hits="26" branch="false"/><line number="18" hits="78" branch="false"/><line number="20" hits="26" branch="false"/><line number="23" hits="26" branch="false"/><line number="24" hits="26" branch="false"/><line number="26" hits="26" branch="false"/><line number="29" hits="52" branch="false"/><line number="31" hits="52" branch="false"/><line number="33" hits="52" branch="true" condition-coverage="75% (3/4)"><conditions><condition number="0" type="jump" coverage="75%"/></conditions></line><line number="36" hits="26" branch="false"/><line number="38" hits="26" branch="false"/><line number="40" hits="26" branch="false"/></lines></class><class name="AdcHardware_c" filename="src/AdcHardware.c" line-rate="0.8333333333333334" branch-rate="0.0" complexity="0.0"><methods/><lines><line number="6" hits="26" branch="false"/><line number="8" hits="26" branch="false"/><line number="9" hits="26" branch="false"/><line number="10" hits="26" branch="false"/><line number="11" hits="26" branch="false"/><line number="12" hits="26" branch="false"/><line number="14" hits="0" branch="false"/><line number="16" hits="0" branch="false"/><line number="19" hits="52" branch="false"/><line number="21" hits="52" branch="false"/><line number="24" hits="26" branch="false"/><line number="26" hits="26" branch="false"/></lines></class><class name="AdcModel_c" filename="src/AdcModel.c" line-rate="0.38461538461538464" branch-rate="0.0" complexity="0.0"><methods/><lines><line number="6" hits="52" branch="false"/><line number="8" hits="52" branch="false"/><line number="11" hits="26" branch="false"/><line number="13" hits="26" branch="false"/><line number="14" hits="26" branch="false"/><line number="16" hits="0" branch="false"/><line number="19" hits="0" branch="false"/><line number="21" hits="0" branch="false"/><line number="24" hits="0" branch="false"/><line number="27" hits="0" branch="false"/><line number="30" hits="0" branch="false"/><line number="31" hits="0" branch="false"/><line number="32" hits="0" branch="false"/></lines></class><class name="Executor_c" filename="src/Executor.c" line-rate="1.0" branch-rate="0.0" complexity="0.0"><methods/><lines><line number="10" hits="26" branch="false"/><line number="12" hits="26" branch="false"/><line number="13" hits="26" branch="false"/><line number="14" hits="26" branch="false"/><line number="15" hits="26" branch="false"/><line number="16" hits="26" branch="false"/><line number="17" hits="26" branch="false"/><line number="19" hits="26" branch="false"/><line number="21" hits="26" branch="false"/><line number="22" hits="26" branch="false"/><line number="23" hits="26" branch="false"/><line number="24" hits="26" branch="false"/></lines></class><class name="Main_c" filename="src/Main.c" line-rate="1.0" branch-rate="1.0" complexity="0.0"><methods/><lines><line number="32" hits="26" branch="false"/><line number="34" hits="26" branch="false"/><line number="36" hits="26" branch="true" condition-coverage="100% (2/2)"><conditions><condition number="0" type="jump" coverage="100%"/></conditions></line><line number="38" hits="26" branch="false"/></lines></class><class name="Model_c" filename="src/Model.c" line-rate="1.0" branch-rate="0.0" complexity="0.0"><methods/><lines><line number="5" hits="26" branch="false"/><line number="7" hits="26" branch="false"/><line number="8" hits="26" branch="false"/><line number="9" hits="26" branch="false"/></lines></class><class name="TaskScheduler_c" filename="src/TaskScheduler.c" line-rate="1.0" branch-rate="1.0" complexity="0.0"><methods/><lines><line number="19" hits="208" branch="false"/><line number="21" hits="208" branch="false"/><line number="22" hits="208" branch="false"/><line number="25" hits="208" branch="false"/><line number="27" hits="208" branch="false"/><line number="28" hits="208" branch="false"/><line number="29" hits="208" branch="false"/><line number="30" hits="208" branch="false"/><line number="32" hits="520" branch="false"/><line number="34" hits="520" branch="true" condition-coverage="100% (2/2)"><conditions><condition number="0" type="jump" coverage="100%"/></conditions></line><line number="36" hits="182" branch="false"/><line number="37" hits="182" branch="false"/><line number="40" hits="520" branch="true" condition-coverage="100% (2/2)"><conditions><condition number="0" type="jump" coverage="100%"/></conditions></line><line number="42" hits="416" branch="false"/><line number="43" hits="416" branch="false"/><line number="45" hits="520" branch="false"/><line number="47" hits="390" branch="false"/><line number="49" hits="390" branch="false"/><line number="51" hits="390" branch="true" condition-coverage="100% (2/2)"><conditions><condition number="0" type="jump" coverage="100%"/></conditions></line><line number="53" hits="182" branch="false"/><line number="54" hits="182" branch="false"/><line number="57" hits="390" branch="false"/><line number="60" hits="390" branch="false"/><line number="62" hits="390" branch="false"/><line number="64" hits="390" branch="true" condition-coverage="100% (2/2)"><conditions><condition number="0" type="jump" coverage="100%"/></conditions></line><line number="66" hits="182" branch="false"/><line number="67" hits="182" branch="false"/><line number="70" hits="390" branch="false"/></lines></class><class name="TemperatureCalculator_c" filename="src/TemperatureCalculator.c" line-rate="1.0" branch-rate="1.0" complexity="0.0"><methods/><lines><line number="9" hits="104" branch="false"/><line number="11" hits="104" branch="false"/><line number="12" hits="104" branch="false"/><line number="13" hits="104" branch="false"/><line number="14" hits="104" branch="false"/><line number="15" hits="104" branch="false"/><line number="18" hits="104" branch="true" condition-coverage="100% (2/2)"><conditions><condition number="0" type="jump" coverage="100%"/></conditions></line><line number="20" hits="26" branch="false"/><line number="25" hits="78" branch="false"/><line number="26" hits="78" branch="false"/></lines></class><class name="TemperatureFilter_c" filename="src/TemperatureFilter.c" line-rate="1.0" branch-rate="1.0" complexity="0.0"><methods/><lines><line number="8" hits="338" branch="false"/><line number="10" hits="338" branch="false"/><line number="11" hits="338" branch="false"/><line number="12" hits="338" branch="false"/><line number="14" hits="598" branch="false"/><line number="16" hits="598" branch="false"/><line number="19" hits="572" branch="false"/><line number="21" hits="572" branch="true" condition-coverage="100% (2/2)"><conditions><condition number="0" type="jump" coverage="100%"/></conditions></line><line number="23" hits="312" branch="false"/><line number="24" hits="312" branch="false"/><line number="28" hits="260" branch="true" condition-coverage="100% (4/4)"><conditions><condition number="0" type="jump" coverage="100%"/></conditions></line><line number="29" hits="208" branch="true" condition-coverage="100% (2/2)"><conditions><condition number="0" type="jump" coverage="100%"/></conditions></line><line number="30" hits="208" branch="false"/><line number="32" hits="104" branch="false"/><line number="33" hits="104" branch="false"/><line number="36" hits="260" branch="false"/><line number="38" hits="572" branch="false"/></lines></class><class name="TimerConductor_c" filename="src/TimerConductor.c" line-rate="1.0" branch-rate="0.0" complexity="0.0"><methods/><lines><line number="7" hits="26" branch="false"/><line number="9" hits="26" branch="false"/><line number="10" hits="26" branch="false"/><line number="12" hits="52" branch="false"/><line number="14" hits="52" branch="false"/><line number="15" hits="52" branch="false"/></lines></class><class name="TimerHardware_c" filename="src/TimerHardware.c" line-rate="1.0" branch-rate="0.0" complexity="0.0"><methods/><lines><line number="5" hits="26" branch="false"/><line number="7" hits="26" branch="false"/><line number="8" hits="26" branch="false"/><line number="9" hits="26" branch="false"/><line number="10" hits="26" branch="false"/><line number="11" hits="26" branch="false"/><line number="12" hits="26" branch="false"/><line number="13" hits="26" branch="false"/><line number="14" hits="26" branch="false"/><line number="15" hits="26" branch="false"/></lines></class><class name="TimerModel_c" filename="src/TimerModel.c" line-rate="1.0" branch-rate="0.0" complexity="0.0"><methods/><lines><line number="5" hits="26" branch="false"/><line number="7" hits="26" branch="false"/><line number="8" hits="26" branch="false"/></lines></class><class name="UsartBaudRateRegisterCalculator_c" filename="src/UsartBaudRateRegisterCalculator.c" line-rate="1.0" branch-rate="1.0" complexity="0.0"><methods/><lines><line number="4" hits="130" branch="false"/><line number="6" hits="130" branch="false"/><line number="8" hits="130" branch="true" condition-coverage="100% (2/2)"><conditions><condition number="0" type="jump" coverage="100%"/></conditions></line><line number="10" hits="26" branch="false"/><line number="14" hits="104" branch="false"/><line number="17" hits="130" branch="false"/></lines></class><class name="UsartConductor_c" filename="src/UsartConductor.c" line-rate="1.0" branch-rate="1.0" complexity="0.0"><methods/><lines><line number="7" hits="27" branch="false"/><line number="9" hits="27" branch="false"/><line number="10" hits="27" branch="false"/><line number="11" hits="27" branch="false"/><line number="13" hits="54" branch="false"/><line number="16" hits="54" branch="true" condition-coverage="100% (2/2)"><conditions><condition number="0" type="jump" coverage="100%"/></conditions></line><line number="18" hits="27" branch="false"/><line number="19" hits="27" branch="false"/><line number="21" hits="54" branch="false"/></lines></class><class name="UsartHardware_c" filename="src/UsartHardware.c" line-rate="1.0" branch-rate="1.0" complexity="0.0"><methods/><lines><line number="6" hits="26" branch="false"/><line number="8" hits="26" branch="false"/><line number="9" hits="26" branch="false"/><line number="10" hits="26" branch="false"/><line number="11" hits="26" branch="false"/><line number="12" hits="26" branch="false"/><line number="13" hits="26" branch="false"/><line number="14" hits="26" branch="false"/><line number="16" hits="26" branch="false"/><line number="18" hits="182" branch="true" condition-coverage="100% (2/2)"><conditions><condition number="0" type="jump" coverage="100%"/></conditions></line><line number="20" hits="130" branch="false"/><line number="22" hits="26" branch="false"/></lines></class><class name="UsartModel_c" filename="src/UsartModel.c" line-rate="1.0" branch-rate="1.0" complexity="0.0"><methods/><lines><line number="12" hits="26" branch="false"/><line number="14" hits="26" branch="false"/><line number="17" hits="52" branch="false"/><line number="19" hits="52" branch="false"/><line number="20" hits="52" branch="true" condition-coverage="100% (2/2)"><conditions><condition number="0" type="jump" coverage="100%"/></conditions></line><line number="22" hits="26" branch="false"/><line number="26" hits="26" branch="false"/><line number="28" hits="52" branch="false"/><line number="31" hits="26" branch="false"/><line number="33" hits="26" branch="false"/></lines></class></classes></package></packages></coverage>


