<testsuites disabled="0" errors="0" failures="0" tests="4" time="493.38">
	<testsuite disabled="0" errors="0" failures="0" name="my test suite" skipped="0" tests="4" time="493.38">
		<testcase name="main.c" time="123.345000" classname="some_name">
			<system-out>Lines: 197</system-out>
		</testcase>
		<testcase name="math_module.c" time="123.345000" classname="some_name">
			<system-out>Lines: 74</system-out>
		</testcase>
		<testcase name="test_math_module.c" time="123.345000" classname="some_name">
			<system-out>Lines: 93</system-out>
		</testcase>
		<testcase name="unity.c" time="123.345000" classname="some_name">
			<system-out>Lines: 2159</system-out>
		</testcase>
	</testsuite>
</testsuites>